f:\studyc++\softrender\mysoftrender\x64\debug\vc143.pdb
f:\studyc++\softrender\mysoftrender\x64\debug\vc143.idb
f:\studyc++\softrender\mysoftrender\x64\debug\tgaimage.obj
f:\studyc++\softrender\mysoftrender\x64\debug\render.obj
f:\studyc++\softrender\mysoftrender\x64\debug\mysoftrender.obj
f:\studyc++\softrender\mysoftrender\x64\debug\model.obj
f:\studyc++\softrender\mysoftrender\x64\debug\drawline.obj
f:\studyc++\softrender\mysoftrender\x64\debug\mysoftrender.res
f:\studyc++\softrender\mysoftrender\x64\debug\mysoftrender.pdb
f:\studyc++\softrender\mysoftrender\x64\debug\mysoftrender.tlog\cl.command.1.tlog
f:\studyc++\softrender\mysoftrender\x64\debug\mysoftrender.tlog\cl.read.1.tlog
f:\studyc++\softrender\mysoftrender\x64\debug\mysoftrender.tlog\cl.write.1.tlog
f:\studyc++\softrender\mysoftrender\x64\debug\mysoftrender.tlog\link-cvtres.read.1.tlog
f:\studyc++\softrender\mysoftrender\x64\debug\mysoftrender.tlog\link-cvtres.write.1.tlog
f:\studyc++\softrender\mysoftrender\x64\debug\mysoftrender.tlog\link-rc.read.1.tlog
f:\studyc++\softrender\mysoftrender\x64\debug\mysoftrender.tlog\link-rc.write.1.tlog
f:\studyc++\softrender\mysoftrender\x64\debug\mysoftrender.tlog\link.command.1.tlog
f:\studyc++\softrender\mysoftrender\x64\debug\mysoftrender.tlog\link.read.1.tlog
f:\studyc++\softrender\mysoftrender\x64\debug\mysoftrender.tlog\link.read.2.tlog
f:\studyc++\softrender\mysoftrender\x64\debug\mysoftrender.tlog\link.write.1.tlog
f:\studyc++\softrender\mysoftrender\x64\debug\mysoftrender.tlog\rc.command.1.tlog
f:\studyc++\softrender\mysoftrender\x64\debug\mysoftrender.tlog\rc.read.1.tlog
f:\studyc++\softrender\mysoftrender\x64\debug\mysoftrender.tlog\rc.write.1.tlog
